c:\users\김동현\source\repos\20202663김동현_창의실무프로젝트\tetris_20202663김동현_창의실무프로젝트\x64\debug\vc143.pdb
c:\users\김동현\source\repos\20202663김동현_창의실무프로젝트\tetris_20202663김동현_창의실무프로젝트\x64\debug\vc143.idb
c:\users\김동현\source\repos\20202663김동현_창의실무프로젝트\tetris_20202663김동현_창의실무프로젝트\x64\debug\screen.obj
c:\users\김동현\source\repos\20202663김동현_창의실무프로젝트\tetris_20202663김동현_창의실무프로젝트\x64\debug\main.obj
c:\users\김동현\source\repos\20202663김동현_창의실무프로젝트\tetris_20202663김동현_창의실무프로젝트\x64\debug\controller.obj
c:\users\김동현\source\repos\20202663김동현_창의실무프로젝트\tetris_20202663김동현_창의실무프로젝트\x64\debug\consolecursor.obj
c:\users\김동현\source\repos\20202663김동현_창의실무프로젝트\tetris_20202663김동현_창의실무프로젝트\x64\debug\blocks.obj
c:\users\김동현\source\repos\20202663김동현_창의실무프로젝트\tetris_20202663김동현_창의실무프로젝트\x64\debug\addblockcolor.obj
c:\users\김동현\source\repos\20202663김동현_창의실무프로젝트\x64\debug\tetris_20202663김동현_창의실무프로젝트.exe
c:\users\김동현\source\repos\20202663김동현_창의실무프로젝트\tetris_20202663김동현_창의실무프로젝트\x64\debug\tetris_20202663김동현_창의실무프로젝트.ilk
c:\users\김동현\source\repos\20202663김동현_창의실무프로젝트\x64\debug\tetris_20202663김동현_창의실무프로젝트.pdb
c:\users\김동현\desktop\20202663김동현_창의실무프로젝트\tetris_20202663김동현_창의실무프로젝트\x64\debug\addblockcolor.obj
c:\users\김동현\desktop\20202663김동현_창의실무프로젝트\tetris_20202663김동현_창의실무프로젝트\x64\debug\blocks.obj
c:\users\김동현\desktop\20202663김동현_창의실무프로젝트\tetris_20202663김동현_창의실무프로젝트\x64\debug\consolecursor.obj
c:\users\김동현\desktop\20202663김동현_창의실무프로젝트\tetris_20202663김동현_창의실무프로젝트\x64\debug\controller.obj
c:\users\김동현\desktop\20202663김동현_창의실무프로젝트\tetris_20202663김동현_창의실무프로젝트\x64\debug\main.obj
c:\users\김동현\desktop\20202663김동현_창의실무프로젝트\tetris_20202663김동현_창의실무프로젝트\x64\debug\screen.obj
c:\users\김동현\desktop\20202663김동현_창의실무프로젝트\tetris_20202663김동현_창의실무프로젝트\x64\debug\tetris_20202663김동현_창의실무프로젝트.ilk
c:\users\김동현\desktop\20202663김동현_창의실무프로젝트\tetris_20202663김동현_창의실무프로젝트\x64\debug\vc143.idb
c:\users\김동현\desktop\20202663김동현_창의실무프로젝트\tetris_20202663김동현_창의실무프로젝트\x64\debug\vc143.pdb
c:\users\김동현\desktop\20202663김동현_창의실무프로젝트\x64\debug\tetris_20202663김동현_창의실무프로젝트.pdb
c:\users\김동현\desktop\20202663김동현_창의실무프로젝트\x64\debug\tetris_20202663김동현_창의실무프로젝트.exe
c:\users\김동현\desktop\20202663김동현_창의실무프로젝트\tetris_20202663김동현_창의실무프로젝트\x64\debug\tetris_2.20ab3586.tlog\cl.command.1.tlog
c:\users\김동현\desktop\20202663김동현_창의실무프로젝트\tetris_20202663김동현_창의실무프로젝트\x64\debug\tetris_2.20ab3586.tlog\cl.items.tlog
c:\users\김동현\desktop\20202663김동현_창의실무프로젝트\tetris_20202663김동현_창의실무프로젝트\x64\debug\tetris_2.20ab3586.tlog\cl.read.1.tlog
c:\users\김동현\desktop\20202663김동현_창의실무프로젝트\tetris_20202663김동현_창의실무프로젝트\x64\debug\tetris_2.20ab3586.tlog\cl.write.1.tlog
c:\users\김동현\desktop\20202663김동현_창의실무프로젝트\tetris_20202663김동현_창의실무프로젝트\x64\debug\tetris_2.20ab3586.tlog\link.command.1.tlog
c:\users\김동현\desktop\20202663김동현_창의실무프로젝트\tetris_20202663김동현_창의실무프로젝트\x64\debug\tetris_2.20ab3586.tlog\link.read.1.tlog
c:\users\김동현\desktop\20202663김동현_창의실무프로젝트\tetris_20202663김동현_창의실무프로젝트\x64\debug\tetris_2.20ab3586.tlog\link.write.1.tlog
